<?xml version="1.0" encoding="UTF-8"?>
<!-- Generated by org.testng.reporters.JUnitXMLReporter -->
<testsuite ignored="1" hostname="rajshree" failures="0" tests="7" name="Test" time="4.782" errors="0" timestamp="2023-06-29T18:11:16 IST">
  <testcase classname="flipkartDemo.PlaceOrder" name="logIn" time="0.118"/>
  <testcase classname="flipkartDemo.PlaceOrder" name="searchKidToys" time="0.278"/>
  <testcase classname="flipkartDemo.PlaceOrder" name="windowHandle" time="2.335"/>
  <testcase classname="flipkartDemo.PlaceOrder" name="addItems" time="0.718"/>
  <testcase classname="flipkartDemo.PlaceOrder" name="placeOrder" time="1.083"/>
  <testcase classname="flipkartDemo.PlaceOrder" name="enterPhoneNumber" time="0.144"/>
  <testcase classname="flipkartDemo.PlaceOrder" name="continueButton" time="0.064"/>
  <testcase classname="flipkartDemo.PlaceOrder" name="backToHome" time="0.0">
    <ignored/>
  </testcase> <!-- backToHome -->
</testsuite> <!-- Test -->
