<?xml version="1.0" encoding="UTF-8"?>
<testng-results ignored="0" total="1" passed="1" failed="0" skipped="0">
  <reporter-output>
  </reporter-output>
  <suite started-at="2023-06-28T18:21:45 IST" name="Default suite" finished-at="2023-06-28T18:21:49 IST" duration-ms="3980">
    <groups>
    </groups>
    <test started-at="2023-06-28T18:21:45 IST" name="Default test" finished-at="2023-06-28T18:21:49 IST" duration-ms="3980">
      <class name="advanced.selenim.testleaf.CookiesHandling">
        <test-method is-config="true" signature="driverLoad()[pri:0, instance:advanced.selenim.testleaf.CookiesHandling@76c3e77a]" started-at="2023-06-28T18:21:45 IST" name="driverLoad" finished-at="2023-06-28T18:21:49 IST" duration-ms="3829" status="PASS">
          <reporter-output>
          </reporter-output>
        </test-method> <!-- driverLoad -->
        <test-method signature="firstCookiesHandling()[pri:1, instance:advanced.selenim.testleaf.CookiesHandling@76c3e77a]" started-at="2023-06-28T18:21:49 IST" name="firstCookiesHandling" finished-at="2023-06-28T18:21:49 IST" duration-ms="108" status="PASS">
          <reporter-output>
          </reporter-output>
        </test-method> <!-- firstCookiesHandling -->
      </class> <!-- advanced.selenim.testleaf.CookiesHandling -->
    </test> <!-- Default test -->
  </suite> <!-- Default suite -->
</testng-results>
