<?xml version="1.0" encoding="UTF-8"?>
<!-- Generated by org.testng.reporters.JUnitXMLReporter -->
<testsuite ignored="7" hostname="rajshree" failures="1" tests="1" name="Demo" time="0.049" errors="0" timestamp="2023-06-29T17:49:38 IST">
  <testcase classname="flipkartDemo.PlaceOrder" name="logIn" time="0.017">
    <failure type="java.lang.NullPointerException" message="Cannot invoke &amp;quot;org.openqa.selenium.WebDriver.findElement(org.openqa.selenium.By)&amp;quot; because &amp;quot;flipkartDemo.PlaceOrder.driver&amp;quot; is null">
      <![CDATA[java.lang.NullPointerException: Cannot invoke "org.openqa.selenium.WebDriver.findElement(org.openqa.selenium.By)" because "flipkartDemo.PlaceOrder.driver" is null
at flipkartDemo.PlaceOrder.logIn(PlaceOrder.java:16)
at java.base/java.util.ArrayList.forEach(ArrayList.java:1511)
... Removed 25 stack frames]]>
    </failure>
  </testcase> <!-- logIn -->
  <testcase classname="flipkartDemo.PlaceOrder" name="backToHome" time="0.0">
    <ignored/>
  </testcase> <!-- backToHome -->
  <testcase classname="flipkartDemo.PlaceOrder" name="placeOrder" time="0.0">
    <ignored/>
  </testcase> <!-- placeOrder -->
  <testcase classname="flipkartDemo.PlaceOrder" name="enterPhoneNumber" time="0.0">
    <ignored/>
  </testcase> <!-- enterPhoneNumber -->
  <testcase classname="flipkartDemo.PlaceOrder" name="windowHandle" time="0.0">
    <ignored/>
  </testcase> <!-- windowHandle -->
  <testcase classname="flipkartDemo.PlaceOrder" name="addItems" time="0.0">
    <ignored/>
  </testcase> <!-- addItems -->
  <testcase classname="flipkartDemo.PlaceOrder" name="searchKidToys" time="0.0">
    <ignored/>
  </testcase> <!-- searchKidToys -->
  <testcase classname="flipkartDemo.PlaceOrder" name="continueButton" time="0.0">
    <ignored/>
  </testcase> <!-- continueButton -->
</testsuite> <!-- Demo -->
